<?xml version="1.0" encoding="UTF-8"?>
<testsuite xmlns:xsi="http://www.w3.org/2001/XMLSchema-instance" xsi:noNamespaceSchemaLocation="https://maven.apache.org/surefire/maven-surefire-plugin/xsd/surefire-test-report.xsd" name="org.livermorevalleyacademy.AppTest" time="0.045" tests="1" errors="0" skipped="0" failures="0">
  <properties>
    <property name="gopherProxySet" value="false"/>
    <property name="awt.toolkit" value="sun.lwawt.macosx.LWCToolkit"/>
    <property name="java.specification.version" value="11"/>
    <property name="sun.cpu.isalist" value=""/>
    <property name="sun.jnu.encoding" value="UTF-8"/>
    <property name="java.class.path" value="/Users/swinkler/Desktop/LVA/advanced-code/LVA-PigPlugin/target/test-classes:/Users/swinkler/Desktop/LVA/advanced-code/LVA-PigPlugin/target/classes:/Users/swinkler/.m2/repository/junit/junit/4.11/junit-4.11.jar:/Users/swinkler/.m2/repository/org/hamcrest/hamcrest-core/1.3/hamcrest-core-1.3.jar:/Users/swinkler/.m2/repository/org/spigotmc/spigot-api/1.16.1-R0.1-SNAPSHOT/spigot-api-1.16.1-R0.1-SNAPSHOT.jar:/Users/swinkler/.m2/repository/commons-lang/commons-lang/2.6/commons-lang-2.6.jar:/Users/swinkler/.m2/repository/com/google/guava/guava/21.0/guava-21.0.jar:/Users/swinkler/.m2/repository/com/google/code/gson/gson/2.8.0/gson-2.8.0.jar:/Users/swinkler/.m2/repository/net/md-5/bungeecord-chat/1.16-R0.1/bungeecord-chat-1.16-R0.1.jar:/Users/swinkler/.m2/repository/org/yaml/snakeyaml/1.26/snakeyaml-1.26.jar:"/>
    <property name="java.vm.vendor" value="JetBrains s.r.o"/>
    <property name="sun.arch.data.model" value="64"/>
    <property name="java.vendor.url" value="https://www.jetbrains.com/"/>
    <property name="user.timezone" value=""/>
    <property name="java.vm.specification.version" value="11"/>
    <property name="os.name" value="Mac OS X"/>
    <property name="sun.java.launcher" value="SUN_STANDARD"/>
    <property name="user.country" value="US"/>
    <property name="sun.boot.library.path" value="/Applications/IntelliJ IDEA CE.app/Contents/jbr/Contents/Home/lib"/>
    <property name="sun.java.command" value="/Users/swinkler/Desktop/LVA/advanced-code/LVA-PigPlugin/target/surefire/surefirebooter2394066623067383118.jar /Users/swinkler/Desktop/LVA/advanced-code/LVA-PigPlugin/target/surefire 2020-06-28T03-59-43_204-jvmRun1 surefire5918917059963007284tmp surefire_013456222996000795645tmp"/>
    <property name="jdk.debug" value="release"/>
    <property name="surefire.test.class.path" value="/Users/swinkler/Desktop/LVA/advanced-code/LVA-PigPlugin/target/test-classes:/Users/swinkler/Desktop/LVA/advanced-code/LVA-PigPlugin/target/classes:/Users/swinkler/.m2/repository/junit/junit/4.11/junit-4.11.jar:/Users/swinkler/.m2/repository/org/hamcrest/hamcrest-core/1.3/hamcrest-core-1.3.jar:/Users/swinkler/.m2/repository/org/spigotmc/spigot-api/1.16.1-R0.1-SNAPSHOT/spigot-api-1.16.1-R0.1-SNAPSHOT.jar:/Users/swinkler/.m2/repository/commons-lang/commons-lang/2.6/commons-lang-2.6.jar:/Users/swinkler/.m2/repository/com/google/guava/guava/21.0/guava-21.0.jar:/Users/swinkler/.m2/repository/com/google/code/gson/gson/2.8.0/gson-2.8.0.jar:/Users/swinkler/.m2/repository/net/md-5/bungeecord-chat/1.16-R0.1/bungeecord-chat-1.16-R0.1.jar:/Users/swinkler/.m2/repository/org/yaml/snakeyaml/1.26/snakeyaml-1.26.jar:"/>
    <property name="sun.cpu.endian" value="little"/>
    <property name="user.home" value="/Users/swinkler"/>
    <property name="user.language" value="en"/>
    <property name="java.specification.vendor" value="Oracle Corporation"/>
    <property name="java.version.date" value="2019-07-16"/>
    <property name="java.home" value="/Applications/IntelliJ IDEA CE.app/Contents/jbr/Contents/Home"/>
    <property name="file.separator" value="/"/>
    <property name="basedir" value="/Users/swinkler/Desktop/LVA/advanced-code/LVA-PigPlugin"/>
    <property name="java.vm.compressedOopsMode" value="Zero based"/>
    <property name="line.separator" value="&#10;"/>
    <property name="java.specification.name" value="Java Platform API Specification"/>
    <property name="java.vm.specification.vendor" value="Oracle Corporation"/>
    <property name="java.awt.graphicsenv" value="sun.awt.CGraphicsEnvironment"/>
    <property name="surefire.real.class.path" value="/Users/swinkler/Desktop/LVA/advanced-code/LVA-PigPlugin/target/surefire/surefirebooter2394066623067383118.jar"/>
    <property name="sun.management.compiler" value="HotSpot 64-Bit Tiered Compilers"/>
    <property name="java.runtime.version" value="11.0.4+10-b520.11"/>
    <property name="user.name" value="swinkler"/>
    <property name="path.separator" value=":"/>
    <property name="os.version" value="10.14.6"/>
    <property name="java.runtime.name" value="OpenJDK Runtime Environment"/>
    <property name="file.encoding" value="UTF-8"/>
    <property name="java.vm.name" value="OpenJDK 64-Bit Server VM"/>
    <property name="localRepository" value="/Users/swinkler/.m2/repository"/>
    <property name="java.vendor.url.bug" value="https://youtrack.jetbrains.com"/>
    <property name="java.io.tmpdir" value="/var/folders/fc/h7kqx4g50t34rsljrz7nnmg1sk0y_z/T/"/>
    <property name="java.version" value="11.0.4"/>
    <property name="user.dir" value="/Users/swinkler/Desktop/LVA/advanced-code/LVA-PigPlugin"/>
    <property name="os.arch" value="x86_64"/>
    <property name="java.vm.specification.name" value="Java Virtual Machine Specification"/>
    <property name="java.awt.printerjob" value="sun.lwawt.macosx.CPrinterJob"/>
    <property name="sun.os.patch.level" value="unknown"/>
    <property name="java.library.path" value="/Users/swinkler/Library/Java/Extensions:/Library/Java/Extensions:/Network/Library/Java/Extensions:/System/Library/Java/Extensions:/usr/lib/java:."/>
    <property name="java.vendor" value="JetBrains s.r.o"/>
    <property name="java.vm.info" value="mixed mode"/>
    <property name="java.vm.version" value="11.0.4+10-b520.11"/>
    <property name="idea.version2019.3" value="true"/>
    <property name="sun.io.unicode.encoding" value="UnicodeBig"/>
    <property name="java.class.version" value="55.0"/>
  </properties>
  <testcase name="shouldAnswerWithTrue" classname="org.livermorevalleyacademy.AppTest" time="0.002"/>
</testsuite>